# JRE version: Java(TM) SE Runtime Environment (10.0.2+13) (build 10.0.2+13)
# Java VM: Java HotSpot(TM) 64-Bit Server VM (10.0.2+13, mixed mode, tiered, compressed oops, g1 gc, bsd-amd64)
Heap:
 garbage-first heap   total 276480K, used 236410K [0x0000000740000000, 0x00000007c0000000)
  region size 1024K, 3 young (3072K), 2 survivors (2048K)
 Metaspace       used 36683K, capacity 37881K, committed 38784K, reserved 1083392K
  class space    used 4204K, capacity 4704K, committed 4992K, reserved 1048576K
GC Heap History (10 events):
Event: 19276.359 GC heap before
{Heap before GC invocations=399 (full 0):
 garbage-first heap   total 276480K, used 245807K [0x0000000740000000, 0x00000007c0000000)
  region size 1024K, 13 young (13312K), 3 survivors (3072K)
 Metaspace       used 36614K, capacity 37819K, committed 38784K, reserved 1083392K
  class space    used 4203K, capacity 4706K, committed 4992K, reserved 1048576K
}
Event: 19276.442 GC heap after
{Heap after GC invocations=400 (full 0):
 garbage-first heap   total 276480K, used 235853K [0x0000000740000000, 0x00000007c0000000)
  region size 1024K, 1 young (1024K), 1 survivors (1024K)
 Metaspace       used 36614K, capacity 37819K, committed 38784K, reserved 1083392K
  class space    used 4203K, capacity 4706K, committed 4992K, reserved 1048576K
}
Event: 19369.478 GC heap before
{Heap before GC invocations=401 (full 0):
 garbage-first heap   total 276480K, used 248141K [0x0000000740000000, 0x00000007c0000000)
  region size 1024K, 13 young (13312K), 1 survivors (1024K)
 Metaspace       used 36645K, capacity 37861K, committed 38784K, reserved 1083392K
  class space    used 4197K, capacity 4696K, committed 4992K, reserved 1048576K
}
Event: 19369.486 GC heap after
{Heap after GC invocations=402 (full 0):
 garbage-first heap   total 276480K, used 236432K [0x0000000740000000, 0x00000007c0000000)
  region size 1024K, 1 young (1024K), 1 survivors (1024K)
 Metaspace       used 36645K, capacity 37861K, committed 38784K, reserved 1083392K
  class space    used 4197K, capacity 4696K, committed 4992K, reserved 1048576K
}
Event: 19369.978 GC heap before
{Heap before GC invocations=402 (full 0):
 garbage-first heap   total 276480K, used 248720K [0x0000000740000000, 0x00000007c0000000)
  region size 1024K, 13 young (13312K), 1 survivors (1024K)
 Metaspace       used 36647K, capacity 37861K, committed 38784K, reserved 1083392K
  class space    used 4197K, capacity 4696K, committed 4992K, reserved 1048576K
}
Event: 19369.985 GC heap after
{Heap after GC invocations=403 (full 0):
 garbage-first heap   total 276480K, used 236321K [0x0000000740000000, 0x00000007c0000000)
  region size 1024K, 2 young (2048K), 2 survivors (2048K)
 Metaspace       used 36647K, capacity 37861K, committed 38784K, reserved 1083392K
  class space    used 4197K, capacity 4696K, committed 4992K, reserved 1048576K
}
Event: 19371.017 GC heap before
{Heap before GC invocations=403 (full 0):
 garbage-first heap   total 276480K, used 247585K [0x0000000740000000, 0x00000007c0000000)
  region size 1024K, 13 young (13312K), 2 survivors (2048K)
 Metaspace       used 36647K, capacity 37861K, committed 38784K, reserved 1083392K
  class space    used 4197K, capacity 4696K, committed 4992K, reserved 1048576K
}
Event: 19371.023 GC heap after
{Heap after GC invocations=404 (full 0):
 garbage-first heap   total 276480K, used 236291K [0x0000000740000000, 0x00000007c0000000)
  region size 1024K, 1 young (1024K), 1 survivors (1024K)
 Metaspace       used 36647K, capacity 37861K, committed 38784K, reserved 1083392K
  class space    used 4197K, capacity 4696K, committed 4992K, reserved 1048576K
}
Event: 19378.681 GC heap before
{Heap before GC invocations=405 (full 0):
 garbage-first heap   total 276480K, used 248579K [0x0000000740000000, 0x00000007c0000000)
  region size 1024K, 13 young (13312K), 1 survivors (1024K)
 Metaspace       used 36667K, capacity 37881K, committed 38784K, reserved 1083392K
  class space    used 4202K, capacity 4704K, committed 4992K, reserved 1048576K
}
Event: 19378.686 GC heap after
{Heap after GC invocations=406 (full 0):
 garbage-first heap   total 276480K, used 236410K [0x0000000740000000, 0x00000007c0000000)
  region size 1024K, 2 young (2048K), 2 survivors (2048K)
 Metaspace       used 36667K, capacity 37881K, committed 38784K, reserved 1083392K
  class space    used 4202K, capacity 4704K, committed 4992K, reserved 1048576K
}

