# JRE version: Java(TM) SE Runtime Environment 18.9 (11.0.12+8) (build 11.0.12+8-LTS-237)
# Java VM: Java HotSpot(TM) 64-Bit Server VM 18.9 (11.0.12+8-LTS-237, mixed mode, tiered, compressed oops, g1 gc, bsd-amd64)
Heap:
 garbage-first heap   total 157696K, used 83254K [0x0000000780000000, 0x0000000800000000)
  region size 1024K, 29 young (29696K), 4 survivors (4096K)
 Metaspace       used 28584K, capacity 29633K, committed 29820K, reserved 1075200K
  class space    used 3540K, capacity 3961K, committed 3968K, reserved 1048576K
GC Heap History (10 events):
Event: 0.599 GC heap before
{Heap before GC invocations=0 (full 0):
 garbage-first heap   total 131072K, used 14336K [0x0000000780000000, 0x0000000800000000)
  region size 1024K, 14 young (14336K), 0 survivors (0K)
 Metaspace       used 9112K, capacity 9450K, committed 9856K, reserved 1058816K
  class space    used 910K, capacity 1026K, committed 1152K, reserved 1048576K
}
Event: 0.603 GC heap after
{Heap after GC invocations=1 (full 0):
 garbage-first heap   total 131072K, used 2525K [0x0000000780000000, 0x0000000800000000)
  region size 1024K, 2 young (2048K), 2 survivors (2048K)
 Metaspace       used 9112K, capacity 9450K, committed 9856K, reserved 1058816K
  class space    used 910K, capacity 1026K, committed 1152K, reserved 1048576K
}
Event: 2.869 GC heap before
{Heap before GC invocations=1 (full 0):
 garbage-first heap   total 131072K, used 36317K [0x0000000780000000, 0x0000000800000000)
  region size 1024K, 30 young (30720K), 2 survivors (2048K)
 Metaspace       used 20494K, capacity 21104K, committed 21248K, reserved 1069056K
  class space    used 2293K, capacity 2530K, committed 2560K, reserved 1048576K
}
Event: 2.880 GC heap after
{Heap after GC invocations=2 (full 0):
 garbage-first heap   total 131072K, used 14302K [0x0000000780000000, 0x0000000800000000)
  region size 1024K, 7 young (7168K), 7 survivors (7168K)
 Metaspace       used 20494K, capacity 21104K, committed 21248K, reserved 1069056K
  class space    used 2293K, capacity 2530K, committed 2560K, reserved 1048576K
}
Event: 3.686 GC heap before
{Heap before GC invocations=3 (full 0):
 garbage-first heap   total 131072K, used 73694K [0x0000000780000000, 0x0000000800000000)
  region size 1024K, 36 young (36864K), 7 survivors (7168K)
 Metaspace       used 27314K, capacity 28163K, committed 28412K, reserved 1073152K
  class space    used 3390K, capacity 3761K, committed 3840K, reserved 1048576K
}
Event: 3.700 GC heap after
{Heap after GC invocations=4 (full 0):
 garbage-first heap   total 131072K, used 50897K [0x0000000780000000, 0x0000000800000000)
  region size 1024K, 5 young (5120K), 5 survivors (5120K)
 Metaspace       used 27314K, capacity 28163K, committed 28412K, reserved 1073152K
  class space    used 3390K, capacity 3761K, committed 3840K, reserved 1048576K
}
Event: 4.005 GC heap before
{Heap before GC invocations=4 (full 0):
 garbage-first heap   total 131072K, used 84689K [0x0000000780000000, 0x0000000800000000)
  region size 1024K, 38 young (38912K), 5 survivors (5120K)
 Metaspace       used 28357K, capacity 29367K, committed 29564K, reserved 1075200K
  class space    used 3522K, capacity 3937K, committed 3968K, reserved 1048576K
}
Event: 4.013 GC heap after
{Heap after GC invocations=5 (full 0):
 garbage-first heap   total 131072K, used 54815K [0x0000000780000000, 0x0000000800000000)
  region size 1024K, 4 young (4096K), 4 survivors (4096K)
 Metaspace       used 28357K, capacity 29367K, committed 29564K, reserved 1075200K
  class space    used 3522K, capacity 3937K, committed 3968K, reserved 1048576K
}
Event: 4.302 GC heap before
{Heap before GC invocations=5 (full 0):
 garbage-first heap   total 131072K, used 90655K [0x0000000780000000, 0x0000000800000000)
  region size 1024K, 39 young (39936K), 4 survivors (4096K)
 Metaspace       used 28437K, capacity 29434K, committed 29564K, reserved 1075200K
  class space    used 3524K, capacity 3938K, committed 3968K, reserved 1048576K
}
Event: 4.314 GC heap after
{Heap after GC invocations=6 (full 0):
 garbage-first heap   total 157696K, used 58678K [0x0000000780000000, 0x0000000800000000)
  region size 1024K, 4 young (4096K), 4 survivors (4096K)
 Metaspace       used 28437K, capacity 29434K, committed 29564K, reserved 1075200K
  class space    used 3524K, capacity 3938K, committed 3968K, reserved 1048576K
}

